
Showing logs for build [32mcb-kubecd-environment-pr-1422-5-ts487-1[0m stage [32mfrom-build-pack[0m and container [32mstep-credential-initializer-6w59x[0m
{"level":"info","ts":1587386513.9703732,"logger":"fallback-logger","caller":"logging/config.go:69","msg":"Fetch GitHub commit ID from kodata failed: open /var/run/ko/refs/heads/0.8.0-ns-support: no such file or directory"}
{"level":"info","ts":1587386513.9708345,"logger":"fallback-logger","caller":"creds-init/main.go:40","msg":"Credentials initialized."}

Showing logs for build [32mcb-kubecd-environment-pr-1422-5-ts487-1[0m stage [32mfrom-build-pack[0m and container [32mstep-working-dir-initializer-rtjww[0m
{"level":"info","ts":1587386514.8817418,"logger":"fallback-logger","caller":"logging/config.go:69","msg":"Fetch GitHub commit ID from kodata failed: open /var/run/ko/HEAD: no such file or directory"}
{"level":"info","ts":1587386514.884945,"logger":"fallback-logger","caller":"bash/main.go:64","msg":"Successfully executed command \"sh -c mkdir -p /workspace/source\"; output "}

Showing logs for build [32mcb-kubecd-environment-pr-1422-5-ts487-1[0m stage [32mfrom-build-pack[0m and container [32mstep-place-tools[0m

Showing logs for build [32mcb-kubecd-environment-pr-1422-5-ts487-1[0m stage [32mfrom-build-pack[0m and container [32mstep-git-source-cb-kubecd-environment-pr-1422-5-ts487-hhxgc[0m
{"level":"info","ts":1587386521.0668287,"logger":"fallback-logger","caller":"logging/config.go:69","msg":"Fetch GitHub commit ID from kodata failed: open /var/run/ko/refs/heads/0.8.0-ns-support: no such file or directory"}
{"level":"info","ts":1587386522.13821,"logger":"fallback-logger","caller":"git/git.go:103","msg":"Successfully cloned https://github.com/cb-kubecd/environment-pr-1422-5-bdd-frontend-staging.git @ master in path /workspace/source"}

Showing logs for build [32mcb-kubecd-environment-pr-1422-5-ts487-1[0m stage [32mfrom-build-pack[0m and container [32mstep-git-merge[0m
Using SHAs from PULL_REFS=master:ce8bea1638314e3e1bbedb24c58c6647439453ce,1:cfb8078e38252f6786af3f276930579b479f8e7d
DEBUG: LC_ALL=C JX_LOG_LEVEL=error git fetch origin --unshallow cfb8078e38252f6786af3f276930579b479f8e7d: ce8bea1638314e3e1bbedb24c58c6647439453ce:
DEBUG: ran git fetch --unshallow origin cfb8078e38252f6786af3f276930579b479f8e7d: ce8bea1638314e3e1bbedb24c58c6647439453ce: in 
DEBUG: LC_ALL=C JX_LOG_LEVEL=error git branch
DEBUG: JX_LOG_LEVEL=error LC_ALL=C git checkout master
DEBUG: ran git checkout master in 
DEBUG: LC_ALL=C JX_LOG_LEVEL=error git reset --hard ce8bea1638314e3e1bbedb24c58c6647439453ce
DEBUG: ran git reset --hard ce8bea1638314e3e1bbedb24c58c6647439453ce in 
DEBUG: JX_LOG_LEVEL=error LC_ALL=C git clean -fd .
DEBUG: ran clean --force -d . in 
DEBUG: LC_ALL=C JX_LOG_LEVEL=error git merge cfb8078e38252f6786af3f276930579b479f8e7d
DEBUG: ran git merge cfb8078e38252f6786af3f276930579b479f8e7d in 
DEBUG: LC_ALL=C JX_LOG_LEVEL=error git log --format=%H%x1f%an%x1f%ae%x1f%cn%x1f%ce%x1f%s%n%b%x1e ce8bea1638314e3e1bbedb24c58c6647439453ce..HEAD
Merged SHA cfb8078e38252f6786af3f276930579b479f8e7d with commit message 'chore: Promote bdd-nh-1587385423 to version 0.0.1' into base branch master

Showing logs for build [32mcb-kubecd-environment-pr-1422-5-ts487-1[0m stage [32mfrom-build-pack[0m and container [32mstep-build-helm-build[0m
WARNING: No $CHART_REPOSITORY defined so using the default value of: http://jenkins-x-chartmuseum:8080
Adding missing Helm repo: storage.googleapis.com https://storage.googleapis.com/chartmuseum.jenkins-x.io
WARNING: No secrets found on "helm/repos" due: reading the secret "helm/repos" from vault: no secret "helm/repos" not found in vault
Read credentials for https://storage.googleapis.com/chartmuseum.jenkins-x.io from vault helm/repos
Successfully added Helm repository storage.googleapis.com.
Adding missing Helm repo: jenkins-x-chartmuseum http://jenkins-x-chartmuseum:8080
WARNING: No secrets found on "helm/repos" due: reading the secret "helm/repos" from vault: no secret "helm/repos" not found in vault
Read credentials for http://jenkins-x-chartmuseum:8080 from vault helm/repos
Successfully added Helm repository jenkins-x-chartmuseum.
WARNING: No $CHART_REPOSITORY defined so using the default value of: http://jenkins-x-chartmuseum:8080
Adding missing Helm repo: chartmuseum.jenkins-x.io http://chartmuseum.jenkins-x.io
WARNING: No secrets found on "helm/repos" due: reading the secret "helm/repos" from vault: no secret "helm/repos" not found in vault
Read credentials for http://chartmuseum.jenkins-x.io from vault helm/repos
Successfully added Helm repository chartmuseum.jenkins-x.io.
